TN:
SF:src\server.js
FN:10,(anonymous_0)
FN:21,(anonymous_1)
FN:29,(anonymous_2)
FNF:3
FNH:1
FNDA:1,(anonymous_0)
FNDA:0,(anonymous_1)
FNDA:0,(anonymous_2)
DA:1,1
DA:2,1
DA:3,1
DA:4,1
DA:6,1
DA:7,1
DA:10,1
DA:11,1
DA:15,1
DA:18,1
DA:21,1
DA:22,0
DA:23,0
DA:26,1
DA:28,1
DA:29,0
DA:30,0
DA:34,1
LF:18
LH:14
BRDA:26,0,0,1
BRDA:26,0,1,1
BRDA:28,1,0,0
BRDA:28,1,1,1
BRF:4
BRH:3
end_of_record
TN:
SF:src\middleware\auth.js
FN:5,(anonymous_0)
FN:22,(anonymous_1)
FNF:2
FNH:2
FNDA:15,(anonymous_0)
FNDA:2,(anonymous_1)
DA:1,1
DA:3,1
DA:5,1
DA:6,15
DA:7,15
DA:9,15
DA:10,1
DA:13,14
DA:14,14
DA:15,13
DA:16,13
DA:18,1
DA:22,1
DA:23,2
DA:28,1
LF:15
LH:15
BRDA:3,0,0,1
BRDA:3,0,1,0
BRDA:7,1,0,15
BRDA:7,1,1,14
BRDA:9,2,0,1
BRDA:9,2,1,14
BRF:6
BRH:5
end_of_record
TN:
SF:src\routes\auth.js
FN:18,(anonymous_0)
FN:22,(anonymous_1)
FNF:2
FNH:2
FNDA:3,(anonymous_0)
FNDA:3,(anonymous_1)
DA:1,1
DA:2,1
DA:3,1
DA:4,1
DA:7,1
DA:18,1
DA:19,3
DA:20,3
DA:22,3
DA:23,3
DA:24,0
DA:27,3
DA:28,3
DA:29,1
DA:32,2
DA:33,2
DA:35,0
DA:36,0
DA:40,1
DA:41,1
LF:20
LH:17
BRDA:23,0,0,0
BRDA:23,0,1,3
BRDA:28,1,0,1
BRDA:28,1,1,2
BRF:4
BRH:3
end_of_record
TN:
SF:src\routes\todos.js
FN:9,(anonymous_0)
FN:10,(anonymous_1)
FN:15,(anonymous_2)
FN:33,(anonymous_3)
FN:37,(anonymous_4)
FN:52,(anonymous_5)
FN:54,(anonymous_6)
FN:60,(anonymous_7)
FN:65,(anonymous_8)
FNF:9
FNH:9
FNDA:2,(anonymous_0)
FNDA:1,(anonymous_1)
FNDA:7,(anonymous_2)
FNDA:2,(anonymous_3)
FNDA:2,(anonymous_4)
FNDA:2,(anonymous_5)
FNDA:2,(anonymous_6)
FNDA:1,(anonymous_7)
FNDA:13,(anonymous_8)
DA:1,1
DA:2,1
DA:3,1
DA:6,1
DA:9,1
DA:10,2
DA:11,2
DA:15,1
DA:16,7
DA:17,7
DA:18,1
DA:21,6
DA:28,6
DA:29,6
DA:33,1
DA:34,2
DA:35,2
DA:37,2
DA:38,2
DA:39,1
DA:42,1
DA:48,1
DA:52,1
DA:53,2
DA:54,2
DA:56,2
DA:57,1
DA:60,1
DA:61,1
DA:65,1
DA:66,13
DA:69,1
DA:70,1
LF:33
LH:33
BRDA:17,0,0,1
BRDA:17,0,1,6
BRDA:37,1,0,2
BRDA:37,1,1,1
BRDA:38,2,0,1
BRDA:38,2,1,1
BRDA:44,3,0,1
BRDA:44,3,1,1
BRDA:45,4,0,1
BRDA:45,4,1,0
BRDA:54,5,0,2
BRDA:54,5,1,1
BRDA:56,6,0,1
BRDA:56,6,1,1
BRDA:60,7,0,1
BRDA:60,7,1,1
BRF:16
BRH:15
end_of_record
