TN:
SF:src\server.js
FN:8,(anonymous_0)
FN:16,(anonymous_1)
FN:24,(anonymous_2)
FNF:3
FNH:1
FNDA:1,(anonymous_0)
FNDA:0,(anonymous_1)
FNDA:0,(anonymous_2)
DA:1,1
DA:2,1
DA:4,1
DA:5,1
DA:8,1
DA:9,1
DA:13,1
DA:16,1
DA:17,0
DA:18,0
DA:21,1
DA:23,1
DA:24,0
DA:25,0
DA:29,1
LF:15
LH:11
BRDA:21,0,0,1
BRDA:21,0,1,1
BRDA:23,1,0,0
BRDA:23,1,1,1
BRF:4
BRH:3
end_of_record
TN:
SF:src\routes\todos.js
FN:8,(anonymous_0)
FN:13,(anonymous_1)
FN:30,(anonymous_2)
FN:34,(anonymous_3)
FN:49,(anonymous_4)
FN:51,(anonymous_5)
FN:57,(anonymous_6)
FNF:7
FNH:6
FNDA:0,(anonymous_0)
FNDA:2,(anonymous_1)
FNDA:2,(anonymous_2)
FNDA:2,(anonymous_3)
FNDA:2,(anonymous_4)
FNDA:1,(anonymous_5)
FNDA:1,(anonymous_6)
DA:1,1
DA:2,1
DA:5,1
DA:8,1
DA:9,0
DA:13,1
DA:14,2
DA:15,2
DA:16,1
DA:19,1
DA:25,1
DA:26,1
DA:30,1
DA:31,2
DA:32,2
DA:34,2
DA:35,2
DA:36,1
DA:39,1
DA:45,1
DA:49,1
DA:50,2
DA:51,2
DA:53,2
DA:54,1
DA:57,1
DA:58,1
DA:61,1
LF:28
LH:27
BRDA:15,0,0,1
BRDA:15,0,1,1
BRDA:35,1,0,1
BRDA:35,1,1,1
BRDA:41,2,0,1
BRDA:41,2,1,1
BRDA:42,3,0,1
BRDA:42,3,1,0
BRDA:53,4,0,1
BRDA:53,4,1,1
BRF:10
BRH:9
end_of_record
